<?xml version="1.0" encoding="UTF-8"?>
<!-- Generated by org.testng.reporters.JUnitReportReporter -->
<testsuite hostname="Sgandham" failures="0" tests="1" name="com.grid.Testcases.GridTestexe2" time="2.296" errors="0" timestamp="2022-07-12T18:18:55 EDT" skipped="0">
  <testcase classname="com.grid.Testcases.GridTestexe2" name="secondttestcase" time="2.296"/>
  <system-out/>
</testsuite> <!-- com.grid.Testcases.GridTestexe2 -->
